build/outputs/logs/manifest-merger-debug-report.txt
-- Merging decision tree log ---
manifest
ADDED from src/main/AndroidManifest.xml:2:1-34:12
INJECTED from src/main/AndroidManifest.xml:2:1-34:12
INJECTED from src/main/AndroidManifest.xml:2:1-34:12
INJECTED from src/main/AndroidManifest.xml:2:1-34:12
INJECTED from src/main/AndroidManifest.xml:2:1-34:12
INJECTED from src/main/AndroidManifest.xml:2:1-34:12
INJECTED from src/main/AndroidManifest.xml:2:1-34:12
	package
		ADDED from src/main/AndroidManifest.xml:3:58-91
		INJECTED from src/main/AndroidManifest.xml
		INJECTED from src/main/AndroidManifest.xml
	android:versionName
		INJECTED from src/main/AndroidManifest.xml
		ADDED from src/main/AndroidManifest.xml:2:1-34:12
		INJECTED from src/main/AndroidManifest.xml
	xmlns:tools
		ADDED from src/main/AndroidManifest.xml:3:11-57
	android:versionCode
		INJECTED from src/main/AndroidManifest.xml
		ADDED from src/main/AndroidManifest.xml:2:1-34:12
		INJECTED from src/main/AndroidManifest.xml
	xmlns:android
		ADDED from src/main/AndroidManifest.xml:2:11-69
uses-permission#android.permission.INTERNET
ADDED from src/main/AndroidManifest.xml:5:2-63
	android:name
		ADDED from src/main/AndroidManifest.xml:5:19-61
uses-permission#android.permission.ACCESS_NETWORK_STATE
ADDED from src/main/AndroidManifest.xml:6:2-75
	android:name
		ADDED from src/main/AndroidManifest.xml:6:19-73
application
ADDED from src/main/AndroidManifest.xml:8:2-32:16
meta-data#android.max_aspect
ADDED from src/main/AndroidManifest.xml:9:3-70
	android:value
		ADDED from src/main/AndroidManifest.xml:9:48-67
	android:name
		ADDED from src/main/AndroidManifest.xml:9:14-47
meta-data#android.notch_support
ADDED from src/main/AndroidManifest.xml:10:3-73
	android:value
		ADDED from src/main/AndroidManifest.xml:10:51-71
	android:name
		ADDED from src/main/AndroidManifest.xml:10:14-50
service#io.monetizr.monetizrsdk.ClearedService
ADDED from src/main/AndroidManifest.xml:11:3-97
	android:stopWithTask
		ADDED from src/main/AndroidManifest.xml:11:66-94
	android:name
		ADDED from src/main/AndroidManifest.xml:11:12-65
provider#io.monetizr.monetizrsdk.AppContextProvider
ADDED from src/main/AndroidManifest.xml:12:3-17:50
	android:authorities
		ADDED from src/main/AndroidManifest.xml:14:5-75
	android:exported
		ADDED from src/main/AndroidManifest.xml:16:5-29
	tools:targetApi
		ADDED from src/main/AndroidManifest.xml:17:29-48
	android:directBootAware
		ADDED from src/main/AndroidManifest.xml:15:5-35
	android:initOrder
		ADDED from src/main/AndroidManifest.xml:17:5-28
	android:name
		ADDED from src/main/AndroidManifest.xml:13:5-39
provider#io.monetizr.monetizrsdk.LastActivityProvider
ADDED from src/main/AndroidManifest.xml:18:3-23:50
	android:authorities
		ADDED from src/main/AndroidManifest.xml:20:5-76
	android:exported
		ADDED from src/main/AndroidManifest.xml:22:5-29
	tools:targetApi
		ADDED from src/main/AndroidManifest.xml:23:29-48
	android:directBootAware
		ADDED from src/main/AndroidManifest.xml:21:5-35
	android:initOrder
		ADDED from src/main/AndroidManifest.xml:23:5-28
	android:name
		ADDED from src/main/AndroidManifest.xml:19:5-41
activity#io.monetizr.monetizrsdk.ProductActivity
ADDED from src/main/AndroidManifest.xml:25:3-31:14
	android:label
		ADDED from src/main/AndroidManifest.xml:28:5-51
	android:windowSoftInputMode
		ADDED from src/main/AndroidManifest.xml:29:5-47
	android:configChanges
		ADDED from src/main/AndroidManifest.xml:27:5-40
	android:theme
		ADDED from src/main/AndroidManifest.xml:30:5-43
	android:name
		ADDED from src/main/AndroidManifest.xml:26:5-36
uses-sdk
INJECTED from src/main/AndroidManifest.xml reason: use-sdk injection requested
INJECTED from src/main/AndroidManifest.xml
INJECTED from src/main/AndroidManifest.xml
INJECTED from src/main/AndroidManifest.xml
INJECTED from src/main/AndroidManifest.xml
	android:targetSdkVersion
		INJECTED from src/main/AndroidManifest.xml
		ADDED from src/main/AndroidManifest.xml
		INJECTED from src/main/AndroidManifest.xml
	android:minSdkVersion
		INJECTED from src/main/AndroidManifest.xml
		ADDED from src/main/AndroidManifest.xml
		INJECTED from src/main/AndroidManifest.xml